SF:lib\core\error\failure.dart
DA:6,3
DA:8,0
DA:9,0
DA:13,0
DA:18,3
DA:26,0
LF:6
LH:2
end_of_record
SF:lib\features\auth\domain\use_case\login_usecase.dart
DA:14,1
DA:20,0
DA:24,0
DA:25,0
DA:32,1
DA:34,1
DA:37,1
DA:38,3
DA:39,2
DA:40,1
DA:41,2
DA:42,1
DA:43,2
DA:44,4
DA:45,1
DA:47,1
LF:16
LH:13
end_of_record
SF:lib\app\shared_prefs\token_shared_prefs.dart
DA:11,0
DA:13,0
DA:15,0
DA:16,0
DA:18,0
DA:22,0
DA:24,0
DA:25,0
DA:27,0
LF:9
LH:0
end_of_record
SF:lib\features\auth\domain\use_case\upload_image_usecase.dart
DA:12,1
DA:21,1
DA:23,1
DA:25,3
LF:4
LH:4
end_of_record
SF:lib\features\auth\domain\entity\auth_entity.dart
DA:12,1
DA:22,1
DA:33,0
DA:35,0
LF:4
LH:2
end_of_record
SF:lib\features\auth\domain\use_case\register_user_usecase.dart
DA:17,1
DA:27,0
DA:35,0
DA:36,0
DA:42,1
DA:44,1
DA:46,1
DA:47,1
DA:48,1
DA:49,1
DA:50,1
DA:51,1
DA:52,1
DA:54,2
LF:14
LH:11
end_of_record
